<?xml version="1.0" encoding="UTF-8"?>
<!-- Generated by org.testng.reporters.JUnitReportReporter -->
<testsuite hostname="DESKTOP-PKMHVU7" failures="0" tests="1" name="com.project.tastcases.ratingBarTestCase" time="19.873" errors="0" timestamp="2021-07-28T10:13:00 IST" skipped="0">
  <testcase classname="com.project.tastcases.ratingBarTestCase" name="ratingBarTestCase" time="19.873"/>
  <system-out/>
</testsuite> <!-- com.project.tastcases.ratingBarTestCase -->
